<?xml version="1.0" encoding="UTF-8"?>
<!-- Generated by org.testng.reporters.JUnitReportReporter -->
<testsuite skipped="0" hostname="INHYNMKORUKON01" name="tests.CreateExpense" tests="5" failures="0" timestamp="2023-11-09T16:18:29 IST" time="367.217" errors="1">
  <testcase name="dotest" time="47.463" classname="tests.CreateExpense"/>
  <system-out/>
  <testcase name="dotest" time="49.546" classname="tests.CreateExpense"/>
  <system-out/>
  <testcase name="dotest" time="161.585" classname="tests.CreateExpense">
    <error type="org.openqa.selenium.TimeoutException" message="Expected condition failed: waiting for visibility of element located by By.id: com.infor.hl.xm.dev:id/user_profile_img (tried for 120 second(s) with 500 milliseconds interval)
Build info: version: &#039;4.1.2&#039;, revision: &#039;9a5a329c5a&#039;
System info: host: &#039;INHYNMKORUKON01&#039;, ip: &#039;192.168.0.103&#039;, os.name: &#039;Windows 10&#039;, os.arch: &#039;amd64&#039;, os.version: &#039;10.0&#039;, java.version: &#039;1.8.0_252&#039;
Driver info: io.appium.java_client.AppiumDriver
Capabilities {appium:appActivity: com.infor.hl.xm.ui.navigati..., appium:appPackage: com.infor.hl.xm.dev, appium:automationName: uiautomator2, appium:chromedriverPort: 8083, appium:chromedriverPorts: [[18133, 18143]], appium:databaseEnabled: false, appium:desired: {appActivity: com.infor.hl.xm.ui.navigati..., appPackage: com.infor.hl.xm.dev, automationName: uiautomator2, bstack:options: {appiumVersion: 1.17.0, buildIdentifier: #67, hostName: INHYNMKORUKON01, localIdentifier: 09_11_1614_INHYNMKORUKON01_...}, chromedriverPort: 8083, chromedriverPorts: [[18133, 18143]], deviceName: Android, disableSuppressAccessibilityService: true, goog:chromeOptions: {}, nativeWebScreenshot: true, newCommandTimeout: 0, platformName: Android, skipServerInstallation: true, systemPort: 8203, udid: RZCRC0B2WHM}, appium:deviceApiLevel: 30, appium:deviceManufacturer: samsung, appium:deviceModel: SM-M326B, appium:deviceName: RZCRC0B2WHM, appium:deviceScreenDensity: 300, appium:deviceScreenSize: 720x1600, appium:deviceUDID: RZCRC0B2WHM, appium:disableSuppressAccessibilityService: true, appium:javascriptEnabled: true, appium:locationContextEnabled: false, appium:nativeWebScreenshot: true, appium:networkConnectionEnabled: true, appium:newCommandTimeout: 0, appium:optimalHubUrl: hub-aps.browserstack.com, appium:pixelRatio: 1.875, appium:platformVersion: 11, appium:skipServerInstallation: true, appium:statBarHeight: 45, appium:systemPort: 8203, appium:takesScreenshot: true, appium:udid: RZCRC0B2WHM, appium:viewportRect: {height: 1420, left: 0, top: 45, width: 720}, appium:warnings: {}, appium:webStorageEnabled: false, bstack:options: {appiumVersion: 1.17.0, buildIdentifier: #67, hostName: INHYNMKORUKON01, localIdentifier: 09_11_1614_INHYNMKORUKON01_...}, goog:chromeOptions: {}, platformName: Android}
Session ID: a62053e7066f138210578678c40c0f91addc72ea">
      <![CDATA[org.openqa.selenium.TimeoutException: Expected condition failed: waiting for visibility of element located by By.id: com.infor.hl.xm.dev:id/user_profile_img (tried for 120 second(s) with 500 milliseconds interval)
Build info: version: '4.1.2', revision: '9a5a329c5a'
System info: host: 'INHYNMKORUKON01', ip: '192.168.0.103', os.name: 'Windows 10', os.arch: 'amd64', os.version: '10.0', java.version: '1.8.0_252'
Driver info: io.appium.java_client.AppiumDriver
Capabilities {appium:appActivity: com.infor.hl.xm.ui.navigati..., appium:appPackage: com.infor.hl.xm.dev, appium:automationName: uiautomator2, appium:chromedriverPort: 8083, appium:chromedriverPorts: [[18133, 18143]], appium:databaseEnabled: false, appium:desired: {appActivity: com.infor.hl.xm.ui.navigati..., appPackage: com.infor.hl.xm.dev, automationName: uiautomator2, bstack:options: {appiumVersion: 1.17.0, buildIdentifier: #67, hostName: INHYNMKORUKON01, localIdentifier: 09_11_1614_INHYNMKORUKON01_...}, chromedriverPort: 8083, chromedriverPorts: [[18133, 18143]], deviceName: Android, disableSuppressAccessibilityService: true, goog:chromeOptions: {}, nativeWebScreenshot: true, newCommandTimeout: 0, platformName: Android, skipServerInstallation: true, systemPort: 8203, udid: RZCRC0B2WHM}, appium:deviceApiLevel: 30, appium:deviceManufacturer: samsung, appium:deviceModel: SM-M326B, appium:deviceName: RZCRC0B2WHM, appium:deviceScreenDensity: 300, appium:deviceScreenSize: 720x1600, appium:deviceUDID: RZCRC0B2WHM, appium:disableSuppressAccessibilityService: true, appium:javascriptEnabled: true, appium:locationContextEnabled: false, appium:nativeWebScreenshot: true, appium:networkConnectionEnabled: true, appium:newCommandTimeout: 0, appium:optimalHubUrl: hub-aps.browserstack.com, appium:pixelRatio: 1.875, appium:platformVersion: 11, appium:skipServerInstallation: true, appium:statBarHeight: 45, appium:systemPort: 8203, appium:takesScreenshot: true, appium:udid: RZCRC0B2WHM, appium:viewportRect: {height: 1420, left: 0, top: 45, width: 720}, appium:warnings: {}, appium:webStorageEnabled: false, bstack:options: {appiumVersion: 1.17.0, buildIdentifier: #67, hostName: INHYNMKORUKON01, localIdentifier: 09_11_1614_INHYNMKORUKON01_...}, goog:chromeOptions: {}, platformName: Android}
Session ID: a62053e7066f138210578678c40c0f91addc72ea
at org.openqa.selenium.support.ui.WebDriverWait.timeoutException(WebDriverWait.java:138)
at org.openqa.selenium.support.ui.FluentWait.until(FluentWait.java:231)
at tests.CreateExpense.dotest(CreateExpense.java:92)
at sun.reflect.NativeMethodAccessorImpl.invoke0(Native Method)
at sun.reflect.NativeMethodAccessorImpl.invoke(NativeMethodAccessorImpl.java:62)
at sun.reflect.DelegatingMethodAccessorImpl.invoke(DelegatingMethodAccessorImpl.java:43)
at java.lang.reflect.Method.invoke(Method.java:498)
at org.testng.internal.invokers.MethodInvocationHelper.invokeMethod(MethodInvocationHelper.java:135)
at org.testng.internal.invokers.TestInvoker.invokeMethod(TestInvoker.java:673)
at org.testng.internal.invokers.TestInvoker.invokeTestMethod(TestInvoker.java:220)
at org.testng.internal.invokers.MethodRunner.runInSequence(MethodRunner.java:50)
at org.testng.internal.invokers.TestInvoker$MethodInvocationAgent.invoke(TestInvoker.java:945)
at org.testng.internal.invokers.TestInvoker.invokeTestMethods(TestInvoker.java:193)
at org.testng.internal.invokers.TestMethodWorker.invokeTestMethods(TestMethodWorker.java:146)
at org.testng.internal.invokers.TestMethodWorker.run(TestMethodWorker.java:128)
at java.util.concurrent.ThreadPoolExecutor.runWorker(ThreadPoolExecutor.java:1149)
at java.util.concurrent.ThreadPoolExecutor$Worker.run(ThreadPoolExecutor.java:624)
at java.lang.Thread.run(Thread.java:748)
]]>
    </error>
  </testcase> <!-- dotest -->
  <system-out/>
  <testcase name="dotest" time="62.525" classname="tests.CreateExpense"/>
  <system-out/>
  <testcase name="dotest" time="46.098" classname="tests.CreateExpense"/>
  <system-out/>
</testsuite> <!-- tests.CreateExpense -->
